<?xml version="1.0" encoding="utf-8"?><testsuites name="pytest tests"><testsuite name="pytest" errors="0" failures="0" skipped="0" tests="10" time="2.716" timestamp="2026-08-09T15:45:07.645362+00:00" hostname="agent-env-a50312ed-a3b4-4eb6-9b86-0943cf195555"><testcase classname="tests.backend_test" name="test_login_admin" time="0.196" /><testcase classname="tests.backend_test" name="test_login_fee_manager_menu" time="0.102" /><testcase classname="tests.backend_test" name="test_login_principal_menu" time="0.100" /><testcase classname="tests.backend_test" name="test_create_student_missing_fields_422" time="0.247" /><testcase classname="tests.backend_test" name="test_create_student_success_and_persist_and_duplicate_and_cleanup" time="0.705" /><testcase classname="tests.backend_test" name="test_bulk_upload_dedup" time="0.496" /><testcase classname="tests.backend_test" name="test_analytics_endpoints[/analytics/dashboard]" time="0.104" /><testcase classname="tests.backend_test" name="test_analytics_endpoints[/analytics/fee]" time="0.099" /><testcase classname="tests.backend_test" name="test_analytics_endpoints[/analytics/academic]" time="0.102" /><testcase classname="tests.backend_test" name="test_analytics_requires_auth" time="0.097" /></testsuite></testsuites>